<?xml version="1.0" encoding="UTF-8"?>
<!-- Generated by org.testng.reporters.JUnitXMLReporter -->
<testsuite ignored="1" hostname="DESKTOP-D6FQT73" failures="0" tests="3" name="Default test" time="0.107" errors="0" timestamp="18 Apr 2024 16:35:14 GMT">
  <testcase classname="org.sample.TestSample" name="tc05" time="0.006"/>
  <testcase classname="org.sample.TestSample" name="tc06" time="0.002"/>
  <testcase classname="org.sample.TestSample" name="tc06" time="0.003"/>
  <testcase classname="org.sample.TestSample" name="tc07" time="0.0">
    <ignored/>
  </testcase> <!-- tc07 -->
</testsuite> <!-- Default test -->
