<?xml version="1.0" encoding="UTF-8"?>
<testng-results ignored="1" total="4" passed="3" failed="0" skipped="0">
  <reporter-output>
  </reporter-output>
  <suite started-at="2024-04-18T16:35:14Z" name="Default suite" finished-at="2024-04-18T16:35:14Z" duration-ms="107">
    <groups>
    </groups>
    <test started-at="2024-04-18T16:35:14Z" name="Default test" finished-at="2024-04-18T16:35:14Z" duration-ms="107">
      <class name="org.sample.TestSample">
        <test-method is-config="true" signature="tc01()[pri:0, instance:org.sample.TestSample@6f7923a5]" started-at="2024-04-18T16:35:14Z" name="tc01" finished-at="2024-04-18T16:35:14Z" duration-ms="24" status="PASS">
          <reporter-output>
          </reporter-output>
        </test-method> <!-- tc01 -->
        <test-method is-config="true" signature="tc02()[pri:0, instance:org.sample.TestSample@6f7923a5]" started-at="2024-04-18T16:35:14Z" name="tc02" finished-at="2024-04-18T16:35:14Z" duration-ms="1" status="PASS">
          <reporter-output>
          </reporter-output>
        </test-method> <!-- tc02 -->
        <test-method signature="tc05()[pri:0, instance:org.sample.TestSample@6f7923a5]" started-at="2024-04-18T16:35:14Z" name="tc05" finished-at="2024-04-18T16:35:14Z" duration-ms="6" status="PASS">
          <reporter-output>
          </reporter-output>
        </test-method> <!-- tc05 -->
        <test-method is-config="true" signature="tc04()[pri:0, instance:org.sample.TestSample@6f7923a5]" started-at="2024-04-18T16:35:14Z" name="tc04" finished-at="2024-04-18T16:35:14Z" duration-ms="2" status="PASS">
          <reporter-output>
          </reporter-output>
        </test-method> <!-- tc04 -->
        <test-method is-config="true" signature="tc02()[pri:0, instance:org.sample.TestSample@6f7923a5]" started-at="2024-04-18T16:35:14Z" name="tc02" finished-at="2024-04-18T16:35:14Z" duration-ms="1" status="PASS">
          <reporter-output>
          </reporter-output>
        </test-method> <!-- tc02 -->
        <test-method signature="tc06()[pri:1, instance:org.sample.TestSample@6f7923a5]" started-at="2024-04-18T16:35:14Z" name="tc06" finished-at="2024-04-18T16:35:14Z" duration-ms="2" status="PASS">
          <reporter-output>
          </reporter-output>
        </test-method> <!-- tc06 -->
        <test-method is-config="true" signature="tc04()[pri:0, instance:org.sample.TestSample@6f7923a5]" started-at="2024-04-18T16:35:14Z" name="tc04" finished-at="2024-04-18T16:35:14Z" duration-ms="1" status="PASS">
          <reporter-output>
          </reporter-output>
        </test-method> <!-- tc04 -->
        <test-method signature="tc06()[pri:1, instance:org.sample.TestSample@6f7923a5]" started-at="2024-04-18T16:35:14Z" name="tc06" finished-at="2024-04-18T16:35:14Z" duration-ms="3" status="PASS">
          <reporter-output>
          </reporter-output>
        </test-method> <!-- tc06 -->
        <test-method is-config="true" signature="tc02()[pri:0, instance:org.sample.TestSample@6f7923a5]" started-at="2024-04-18T16:35:14Z" name="tc02" finished-at="2024-04-18T16:35:14Z" duration-ms="0" status="PASS">
          <reporter-output>
          </reporter-output>
        </test-method> <!-- tc02 -->
        <test-method is-config="true" signature="tc04()[pri:0, instance:org.sample.TestSample@6f7923a5]" started-at="2024-04-18T16:35:14Z" name="tc04" finished-at="2024-04-18T16:35:14Z" duration-ms="2" status="PASS">
          <reporter-output>
          </reporter-output>
        </test-method> <!-- tc04 -->
        <test-method is-config="true" signature="tc03()[pri:0, instance:org.sample.TestSample@6f7923a5]" started-at="2024-04-18T16:35:14Z" name="tc03" finished-at="2024-04-18T16:35:14Z" duration-ms="1" status="PASS">
          <reporter-output>
          </reporter-output>
        </test-method> <!-- tc03 -->
      </class> <!-- org.sample.TestSample -->
    </test> <!-- Default test -->
  </suite> <!-- Default suite -->
</testng-results>
